
 /----------------------------------------------------------------------------\
 |  yosys -- Yosys Open SYnthesis Suite                                       |
 |  Copyright (C) 2012 - 2025  Claire Xenia Wolf <claire@yosyshq.com>         |
 |  Distributed under an ISC-like license, type "license" to see terms        |
 \----------------------------------------------------------------------------/
 Yosys 0.60+95 (git sha1 991e70489, clang++ 18.1.8 -fPIC -O3)

-- Executing script file `design_prep.ys' --

1. Executing RTLIL frontend.
Input filename: design.il

2. Executing SCC pass (detecting logic loops).
Found 0 SCCs in module timer_Brtl_100000000_50000000.
Found 0 SCCs in module timer_wrapper.
Found 0 SCCs.

3. Executing SIMPLEMAP pass (map simple cells to gate primitives).

4. Executing MEMORY_NORDFF pass (extracting $dff cells from memories).

5. Executing ASYNC2SYNC pass.

6. Executing OPT_CLEAN pass (remove unused cells and wires).
Finding unused cells or wires in module \timer_Brtl_100000000_50000000..
Finding unused cells or wires in module \timer_wrapper..

7. Executing FORMALFF pass.

8. Executing OPT_CLEAN pass (remove unused cells and wires).
Finding unused cells or wires in module \timer_Brtl_100000000_50000000..
Finding unused cells or wires in module \timer_wrapper..
Removed 2 unused cells and 2 unused wires.
<suppressed ~4 debug messages>

9. Executing CHECK pass (checking for obvious problems).
Checking module timer_Brtl_100000000_50000000...
Checking module timer_wrapper...
Found and reported 0 problems.

10. Executing SETUNDEF pass (replace undef values with defined constants).

11. Executing OPT pass (performing simple optimizations).

11.1. Executing OPT_EXPR pass (perform const folding).
Optimizing module timer_Brtl_100000000_50000000.
Optimizing module timer_wrapper.

11.2. Executing OPT_MERGE pass (detect identical cells).
Finding identical cells in module `\timer_Brtl_100000000_50000000'.
Computing hashes of 59 cells of `\timer_Brtl_100000000_50000000'.
Finding duplicate cells in `\timer_Brtl_100000000_50000000'.
Finding identical cells in module `\timer_wrapper'.
Computing hashes of 1 cells of `\timer_wrapper'.
Finding duplicate cells in `\timer_wrapper'.
Removed a total of 0 cells.

11.3. Executing OPT_DFF pass (perform DFF optimizations).
Setting constant 1-bit at position 0 on :108 ($ff) from module timer_Brtl_100000000_50000000.
Setting constant 1-bit at position 0 on :86 ($ff) from module timer_Brtl_100000000_50000000.

11.4. Executing OPT_CLEAN pass (remove unused cells and wires).
Finding unused cells or wires in module \timer_Brtl_100000000_50000000..
Finding unused cells or wires in module \timer_wrapper..
Removed 3 unused cells and 3 unused wires.
<suppressed ~4 debug messages>

11.5. Rerunning OPT passes. (Removed registers in this run.)

11.6. Executing OPT_EXPR pass (perform const folding).
Optimizing module timer_Brtl_100000000_50000000.
Optimizing module timer_wrapper.

11.7. Executing OPT_MERGE pass (detect identical cells).
Finding identical cells in module `\timer_Brtl_100000000_50000000'.
Computing hashes of 56 cells of `\timer_Brtl_100000000_50000000'.
Finding duplicate cells in `\timer_Brtl_100000000_50000000'.
Finding identical cells in module `\timer_wrapper'.
Computing hashes of 1 cells of `\timer_wrapper'.
Finding duplicate cells in `\timer_wrapper'.
Removed a total of 0 cells.

11.8. Executing OPT_DFF pass (perform DFF optimizations).

11.9. Executing OPT_CLEAN pass (remove unused cells and wires).
Finding unused cells or wires in module \timer_Brtl_100000000_50000000..
Finding unused cells or wires in module \timer_wrapper..

11.10. Finished fast OPT passes.

12. Executing OPT_CLEAN pass (remove unused cells and wires).
Finding unused cells or wires in module \timer_Brtl_100000000_50000000..
Finding unused cells or wires in module \timer_wrapper..
Removed 0 unused cells and 7 unused wires.
<suppressed ~1 debug messages>

13. Executing RTLIL backend.
Output filename: ../model/design_prep.il

End of script. Logfile hash: cb69546f14, CPU: user 0.02s system 0.01s, MEM: 14.74 MB peak
Yosys 0.60+95 (git sha1 991e70489, clang++ 18.1.8 -fPIC -O3)
Time spent: 28% 5x opt_clean (0 sec), 14% 1x async2sync (0 sec), ...
